<?xml version="1.0" encoding="UTF-8"?>
<!-- Generated by org.testng.reporters.JUnitXMLReporter -->
<testsuite hostname="DESKTOP-8AVOBS7" ignored="0" name="Default test" tests="7" failures="0" timestamp="14 Dec 2021 10:37:26 GMT" time="1.287" errors="0">
  <testcase name="readDataFromExcel" time="0.016" classname="com.exceldemo.ReadDataFromExcelSheet"/>
  <testcase name="readDataFromExcel" time="0.002" classname="com.exceldemo.ReadDataFromExcelSheet"/>
  <testcase name="readDataFromExcel" time="0.013" classname="com.exceldemo.ReadDataFromExcelSheet"/>
  <testcase name="readDataFromExcel" time="0.003" classname="com.exceldemo.ReadDataFromExcelSheet"/>
  <testcase name="readDataFromExcel" time="0.002" classname="com.exceldemo.ReadDataFromExcelSheet"/>
  <testcase name="readDataFromExcel" time="0.005" classname="com.exceldemo.ReadDataFromExcelSheet"/>
  <testcase name="readDataFromExcel" time="0.006" classname="com.exceldemo.ReadDataFromExcelSheet"/>
</testsuite> <!-- Default test -->
