<?xml version="1.0" encoding="UTF-8"?>
<testng-results skipped="0" failed="0" ignored="0" total="7" passed="7">
  <reporter-output>
  </reporter-output>
  <suite name="Default suite" duration-ms="1287" started-at="2021-12-14T10:37:25Z" finished-at="2021-12-14T10:37:26Z">
    <groups>
    </groups>
    <test name="Default test" duration-ms="1287" started-at="2021-12-14T10:37:25Z" finished-at="2021-12-14T10:37:26Z">
      <class name="com.exceldemo.ReadDataFromExcelSheet">
        <test-method status="PASS" signature="readDataFromExcel(double, double)[pri:0, instance:com.exceldemo.ReadDataFromExcelSheet@769f71a9]" name="readDataFromExcel" duration-ms="16" started-at="2021-12-14T10:37:26Z" data-provider="Number Data" finished-at="2021-12-14T10:37:26Z">
          <params>
            <param index="0">
              <value>
                <![CDATA[2.0]]>
              </value>
            </param>
            <param index="1">
              <value>
                <![CDATA[5.0]]>
              </value>
            </param>
          </params>
          <reporter-output>
          </reporter-output>
        </test-method> <!-- readDataFromExcel -->
        <test-method status="PASS" signature="readDataFromExcel(double, double)[pri:0, instance:com.exceldemo.ReadDataFromExcelSheet@769f71a9]" name="readDataFromExcel" duration-ms="2" started-at="2021-12-14T10:37:26Z" data-provider="Number Data" finished-at="2021-12-14T10:37:26Z">
          <params>
            <param index="0">
              <value>
                <![CDATA[6.0]]>
              </value>
            </param>
            <param index="1">
              <value>
                <![CDATA[7.0]]>
              </value>
            </param>
          </params>
          <reporter-output>
          </reporter-output>
        </test-method> <!-- readDataFromExcel -->
        <test-method status="PASS" signature="readDataFromExcel(double, double)[pri:0, instance:com.exceldemo.ReadDataFromExcelSheet@769f71a9]" name="readDataFromExcel" duration-ms="13" started-at="2021-12-14T10:37:26Z" data-provider="Number Data" finished-at="2021-12-14T10:37:26Z">
          <params>
            <param index="0">
              <value>
                <![CDATA[23.0]]>
              </value>
            </param>
            <param index="1">
              <value>
                <![CDATA[67.0]]>
              </value>
            </param>
          </params>
          <reporter-output>
          </reporter-output>
        </test-method> <!-- readDataFromExcel -->
        <test-method status="PASS" signature="readDataFromExcel(double, double)[pri:0, instance:com.exceldemo.ReadDataFromExcelSheet@769f71a9]" name="readDataFromExcel" duration-ms="3" started-at="2021-12-14T10:37:26Z" data-provider="Number Data" finished-at="2021-12-14T10:37:26Z">
          <params>
            <param index="0">
              <value>
                <![CDATA[23.0]]>
              </value>
            </param>
            <param index="1">
              <value>
                <![CDATA[69.0]]>
              </value>
            </param>
          </params>
          <reporter-output>
          </reporter-output>
        </test-method> <!-- readDataFromExcel -->
        <test-method status="PASS" signature="readDataFromExcel(double, double)[pri:0, instance:com.exceldemo.ReadDataFromExcelSheet@769f71a9]" name="readDataFromExcel" duration-ms="2" started-at="2021-12-14T10:37:26Z" data-provider="Number Data" finished-at="2021-12-14T10:37:26Z">
          <params>
            <param index="0">
              <value>
                <![CDATA[45.0]]>
              </value>
            </param>
            <param index="1">
              <value>
                <![CDATA[76.0]]>
              </value>
            </param>
          </params>
          <reporter-output>
          </reporter-output>
        </test-method> <!-- readDataFromExcel -->
        <test-method status="PASS" signature="readDataFromExcel(double, double)[pri:0, instance:com.exceldemo.ReadDataFromExcelSheet@769f71a9]" name="readDataFromExcel" duration-ms="5" started-at="2021-12-14T10:37:26Z" data-provider="Number Data" finished-at="2021-12-14T10:37:26Z">
          <params>
            <param index="0">
              <value>
                <![CDATA[7.0]]>
              </value>
            </param>
            <param index="1">
              <value>
                <![CDATA[4.0]]>
              </value>
            </param>
          </params>
          <reporter-output>
          </reporter-output>
        </test-method> <!-- readDataFromExcel -->
        <test-method status="PASS" signature="readDataFromExcel(double, double)[pri:0, instance:com.exceldemo.ReadDataFromExcelSheet@769f71a9]" name="readDataFromExcel" duration-ms="6" started-at="2021-12-14T10:37:26Z" data-provider="Number Data" finished-at="2021-12-14T10:37:26Z">
          <params>
            <param index="0">
              <value>
                <![CDATA[3.0]]>
              </value>
            </param>
            <param index="1">
              <value>
                <![CDATA[2.0]]>
              </value>
            </param>
          </params>
          <reporter-output>
          </reporter-output>
        </test-method> <!-- readDataFromExcel -->
      </class> <!-- com.exceldemo.ReadDataFromExcelSheet -->
    </test> <!-- Default test -->
  </suite> <!-- Default suite -->
</testng-results>
